21-May-2024 11:31:46.353 INFO [main] org.apache.catalina.startup.VersionLoggerListener.log Nom version serveur :              Apache Tomcat/10.1.16
21-May-2024 11:31:46.364 INFO [main] org.apache.catalina.startup.VersionLoggerListener.log Serveur compilé :                  Nov 10 2023 16:17:33 UTC
21-May-2024 11:31:46.365 INFO [main] org.apache.catalina.startup.VersionLoggerListener.log Version du serveur :               10.1.16.0
21-May-2024 11:31:46.365 INFO [main] org.apache.catalina.startup.VersionLoggerListener.log Nom de l'OS :                      Windows 10
21-May-2024 11:31:46.365 INFO [main] org.apache.catalina.startup.VersionLoggerListener.log Version OS :                       10.0
21-May-2024 11:31:46.366 INFO [main] org.apache.catalina.startup.VersionLoggerListener.log Architecture :                     amd64
21-May-2024 11:31:46.366 INFO [main] org.apache.catalina.startup.VersionLoggerListener.log Java Home :                        C:\Users\Mariem\.jdks\openjdk-21.0.1
21-May-2024 11:31:46.367 INFO [main] org.apache.catalina.startup.VersionLoggerListener.log Version JVM :                      21.0.1+12-29
21-May-2024 11:31:46.367 INFO [main] org.apache.catalina.startup.VersionLoggerListener.log Fournisseur de la JVM :            Oracle Corporation
21-May-2024 11:31:46.368 INFO [main] org.apache.catalina.startup.VersionLoggerListener.log CATALINA_BASE :                    C:\Users\Mariem\Downloads\gestion-des-equipments
21-May-2024 11:31:46.369 INFO [main] org.apache.catalina.startup.VersionLoggerListener.log CATALINA_HOME :                    C:\apache-tomcat-10.1.16
21-May-2024 11:31:46.400 INFO [main] org.apache.catalina.startup.VersionLoggerListener.log Argument de la ligne de commande : --add-opens=java.base/java.lang=ALL-UNNAMED
21-May-2024 11:31:46.400 INFO [main] org.apache.catalina.startup.VersionLoggerListener.log Argument de la ligne de commande : --add-opens=java.base/java.io=ALL-UNNAMED
21-May-2024 11:31:46.400 INFO [main] org.apache.catalina.startup.VersionLoggerListener.log Argument de la ligne de commande : --add-opens=java.base/java.util=ALL-UNNAMED
21-May-2024 11:31:46.400 INFO [main] org.apache.catalina.startup.VersionLoggerListener.log Argument de la ligne de commande : --add-opens=java.base/java.util.concurrent=ALL-UNNAMED
21-May-2024 11:31:46.401 INFO [main] org.apache.catalina.startup.VersionLoggerListener.log Argument de la ligne de commande : --add-opens=java.rmi/sun.rmi.transport=ALL-UNNAMED
21-May-2024 11:31:46.401 INFO [main] org.apache.catalina.startup.VersionLoggerListener.log Argument de la ligne de commande : -Dcatalina.home=C:\apache-tomcat-10.1.16
21-May-2024 11:31:46.401 INFO [main] org.apache.catalina.startup.VersionLoggerListener.log Argument de la ligne de commande : -Dcatalina.base=C:\Users\Mariem\Downloads\gestion-des-equipments
21-May-2024 11:31:46.401 INFO [main] org.apache.catalina.startup.VersionLoggerListener.log Argument de la ligne de commande : -Djava.io.tmpdir=C:\Users\Mariem\Downloads\gestion-des-equipments\temp
21-May-2024 11:31:46.401 INFO [main] org.apache.catalina.startup.VersionLoggerListener.log Argument de la ligne de commande : -Djava.util.logging.config.file=C:\Users\Mariem\Downloads\gestion-des-equipments\conf\logging.properties
21-May-2024 11:31:46.402 INFO [main] org.apache.catalina.startup.VersionLoggerListener.log Argument de la ligne de commande : -Djava.util.logging.manager=org.apache.juli.ClassLoaderLogManager
21-May-2024 11:31:46.402 INFO [main] org.apache.catalina.startup.VersionLoggerListener.log Argument de la ligne de commande : -javaagent:C:\Program Files\JetBrains\IntelliJ IDEA Community Edition 2024.1.1\lib\idea_rt.jar=60042:C:\Program Files\JetBrains\IntelliJ IDEA Community Edition 2024.1.1\bin
21-May-2024 11:31:46.402 INFO [main] org.apache.catalina.startup.VersionLoggerListener.log Argument de la ligne de commande : -Dfile.encoding=UTF-8
21-May-2024 11:31:46.402 INFO [main] org.apache.catalina.startup.VersionLoggerListener.log Argument de la ligne de commande : -Dsun.stdout.encoding=UTF-8
21-May-2024 11:31:46.403 INFO [main] org.apache.catalina.startup.VersionLoggerListener.log Argument de la ligne de commande : -Dsun.stderr.encoding=UTF-8
21-May-2024 11:31:46.448 INFO [main] org.apache.catalina.core.AprLifecycleListener.lifecycleEvent La librairie Apache Tomcat Native basée sur APR qui permet des performances optimales dans les environnements de production n'a pas été trouvée sur le java.library.path : [C:\Users\Mariem\.jdks\openjdk-21.0.1\bin;C:\Windows\Sun\Java\bin;C:\Windows\system32;C:\Windows;C:\Program Files\Common Files\Oracle\Java\javapath;C:\Program Files (x86)\Common Files\Oracle\Java\javapath;C:\Windows\system32;C:\Windows;C:\Windows\System32\Wbem;C:\Windows\System32\WindowsPowerShell\v1.0\;C:\Windows\System32\OpenSSH\;C:\Program Files\nodejs\;C:\Program Files\Git\cmd;C:\Users\Mariem\Desktop\apache-maven-3.9.5\bin;C:\Program Files\Java\jdk-17\bin;C:\Program Files\PostgreSQL\16\bin;C:\Program Files (x86)\dotnet\;C:\Program Files\MySQL\MySQL Server 8.0\bin;C:\src\flutter\bin;C:\Users\Mariem\AppData\Roaming\Microsoft\Windows\Start Menu\Programs\Visual Studio Code;C:\Program Files\Docker\Docker\resources\bin;C:\Users\Mariem\AppData\Roaming\npm;C:\Users\Mariem\AppData\Local\Pub\Cache\bin;C:\Users\Mariem\AppData\Local\Programs\Python\Python311\Scripts\;C:\Users\Mariem\AppData\Local\Programs\Python\Python311\;C:\Python\Python312\Scripts\;C:\Python\Python312\;C:\Users\Mariem\AppData\Local\Programs\Python\Launcher\;C:\Users\Mariem\Desktop\apache-maven-3.9.5\bin;C:\Program Files\PostgreSQL\16\bin;C:\Program Files\MySQL\MySQL Server 8.0\bin;C:\Users\Mariem\AppData\Local\Programs\Microsoft VS Code\bin;C:\Program Files\MongoDB\Server\7.0\bin;C:\Users\Mariem\Downloads\mongodb-database-tools-windows-x86_64-100.9.4\bin;C:\Users\Mariem\AppData\Roaming\Microsoft\Windows\Start Menu\Programs\Visual Studio Code;;C:\Program Files\JetBrains\IntelliJ IDEA Community Edition 2024.1.1\bin;;.]
21-May-2024 11:31:47.113 INFO [main] org.apache.coyote.AbstractProtocol.init Initialisation du gestionnaire de protocole ["http-nio-8080"]
21-May-2024 11:31:47.156 INFO [main] org.apache.catalina.startup.Catalina.load L'initialisation du serveur a pris [1212] millisecondes
21-May-2024 11:31:47.244 INFO [main] org.apache.catalina.core.StandardService.startInternal Démarrage du service [Catalina]
21-May-2024 11:31:47.244 INFO [main] org.apache.catalina.core.StandardEngine.startInternal Démarrage du moteur de Servlets : [Apache Tomcat/10.1.16]
21-May-2024 11:31:47.266 INFO [main] org.apache.catalina.startup.HostConfig.deployDescriptor Déploiement du descripteur de configuration [C:\Users\Mariem\Downloads\gestion-des-equipments\conf\Catalina\localhost\ROOT.xml]
